::1 - - [27/Apr/2025:15:08:28 +0000] "GET /api/services HTTP/1.1" 200 821
::1 - - [27/Apr/2025:15:08:28 +0000] "GET /api/services HTTP/1.1" 304 -
::1 - - [27/Apr/2025:15:08:34 +0000] "GET /api/services HTTP/1.1" 304 -
::1 - - [27/Apr/2025:15:08:34 +0000] "GET /api/services HTTP/1.1" 304 -
::1 - - [27/Apr/2025:15:10:35 +0000] "POST /api/login HTTP/1.1" 200 238
::1 - - [27/Apr/2025:15:10:35 +0000] "GET /api/dashboard HTTP/1.1" 200 175
::1 - - [27/Apr/2025:15:10:35 +0000] "GET /api/dashboard HTTP/1.1" 304 -
::1 - - [27/Apr/2025:15:10:53 +0000] "GET /api/users?page=1&limit=10 HTTP/1.1" 200 1051
::1 - - [27/Apr/2025:15:10:53 +0000] "GET /api/users?page=1&limit=10 HTTP/1.1" 304 -
::1 - - [27/Apr/2025:15:11:10 +0000] "GET /api/dashboard HTTP/1.1" 304 -
::1 - - [27/Apr/2025:15:11:10 +0000] "GET /api/dashboard HTTP/1.1" 304 -
::1 - - [27/Apr/2025:15:11:16 +0000] "GET /api/dashboard HTTP/1.1" 304 -
::1 - - [27/Apr/2025:15:11:17 +0000] "GET /api/dashboard HTTP/1.1" 304 -
::1 - - [27/Apr/2025:15:11:19 +0000] "GET /api/users?page=1&limit=10 HTTP/1.1" 304 -
::1 - - [27/Apr/2025:15:11:19 +0000] "GET /api/users?page=1&limit=10 HTTP/1.1" 304 -
::1 - - [27/Apr/2025:15:11:23 +0000] "GET /api/dashboard HTTP/1.1" 304 -
::1 - - [27/Apr/2025:15:11:23 +0000] "GET /api/dashboard HTTP/1.1" 304 -
::1 - - [27/Apr/2025:15:11:45 +0000] "POST /api/register HTTP/1.1" 200 90
::1 - - [27/Apr/2025:15:11:56 +0000] "POST /api/login HTTP/1.1" 200 222
::1 - - [27/Apr/2025:15:11:56 +0000] "GET /api/services HTTP/1.1" 304 -
::1 - - [27/Apr/2025:15:11:56 +0000] "GET /api/services HTTP/1.1" 304 -
::1 - - [27/Apr/2025:15:12:01 +0000] "GET /api/posts HTTP/1.1" 200 8835
::1 - - [27/Apr/2025:15:12:01 +0000] "GET /api/posts HTTP/1.1" 304 -
::1 - - [27/Apr/2025:15:12:18 +0000] "POST /api/login HTTP/1.1" 401 93
::1 - - [27/Apr/2025:15:13:02 +0000] "POST /api/login HTTP/1.1" 200 238
::1 - - [27/Apr/2025:15:13:02 +0000] "GET /api/dashboard HTTP/1.1" 200 175
::1 - - [27/Apr/2025:15:13:02 +0000] "GET /api/dashboard HTTP/1.1" 304 -
::1 - - [27/Apr/2025:15:13:50 +0000] "GET /api/users?page=1&limit=10 HTTP/1.1" 200 1196
::1 - - [27/Apr/2025:15:13:50 +0000] "GET /api/users?page=1&limit=10 HTTP/1.1" 304 -
::1 - - [27/Apr/2025:15:15:35 +0000] "GET /api/dashboard HTTP/1.1" 200 175
::1 - - [27/Apr/2025:15:15:57 +0000] "GET /api/dashboard HTTP/1.1" 304 -
::1 - - [27/Apr/2025:15:16:00 +0000] "GET /api/dashboard HTTP/1.1" 304 -
::1 - - [28/Apr/2025:06:07:12 +0000] "GET /api/services HTTP/1.1" 200 821
::1 - - [28/Apr/2025:06:07:12 +0000] "GET /api/services HTTP/1.1" 304 -
::1 - - [28/Apr/2025:06:07:24 +0000] "GET /api/services HTTP/1.1" 304 -
::1 - - [28/Apr/2025:06:07:24 +0000] "GET /api/services HTTP/1.1" 304 -
::1 - - [28/Apr/2025:06:07:26 +0000] "GET /api/services HTTP/1.1" 304 -
::1 - - [28/Apr/2025:06:07:26 +0000] "GET /api/services HTTP/1.1" 304 -
::1 - - [28/Apr/2025:06:07:29 +0000] "GET /api/posts HTTP/1.1" 200 8835
::1 - - [28/Apr/2025:06:07:29 +0000] "GET /api/posts HTTP/1.1" 304 -
::1 - - [28/Apr/2025:06:07:32 +0000] "GET /api/posts/5 HTTP/1.1" 200 1708
::1 - - [28/Apr/2025:06:07:32 +0000] "GET /api/posts/5 HTTP/1.1" 304 -
::1 - - [28/Apr/2025:06:07:36 +0000] "GET /api/posts HTTP/1.1" 304 -
::1 - - [28/Apr/2025:06:07:36 +0000] "GET /api/posts HTTP/1.1" 304 -
